# JRE version: OpenJDK Runtime Environment (8.0) (build 1.8.0-adoptopenjdk-_2018_05_19_00_59-b00)
# Java VM: OpenJDK 64-Bit Server VM (25.71-b00 mixed mode windows-amd64 compressed oops)
Heap:
 PSYoungGen      total 286208K, used 20341K [0x000000076ab00000, 0x000000077db80000, 0x00000007c0000000)
  eden space 269312K, 7% used [0x000000076ab00000,0x000000076bedd6c8,0x000000077b200000)
  from space 16896K, 0% used [0x000000077b200000,0x000000077b200000,0x000000077c280000)
  to   space 15872K, 0% used [0x000000077c280000,0x000000077c280000,0x000000077d200000)
 ParOldGen       total 212992K, used 39249K [0x00000006c0000000, 0x00000006cd000000, 0x000000076ab00000)
  object space 212992K, 18% used [0x00000006c0000000,0x00000006c2654480,0x00000006cd000000)
 Metaspace       used 59011K, capacity 60940K, committed 61208K, reserved 1101824K
  class space    used 7685K, capacity 8132K, committed 8224K, reserved 1048576K
GC Heap History (10 events):
Event: 8.310 GC heap before
{Heap before GC invocations=8 (full 2):
 PSYoungGen      total 209920K, used 193536K [0x000000076ab00000, 0x000000077d200000, 0x00000007c0000000)
  eden space 193536K, 100% used [0x000000076ab00000,0x0000000776800000,0x0000000776800000)
  from space 16384K, 0% used [0x0000000776800000,0x0000000776800000,0x0000000777800000)
  to   space 15872K, 0% used [0x000000077c280000,0x000000077c280000,0x000000077d200000)
 ParOldGen       total 212992K, used 14517K [0x00000006c0000000, 0x00000006cd000000, 0x000000076ab00000)
  object space 212992K, 6% used [0x00000006c0000000,0x00000006c0e2d7b0,0x00000006cd000000)
 Metaspace       used 45311K, capacity 46738K, committed 47016K, reserved 1089536K
  class space    used 5906K, capacity 6218K, committed 6320K, reserved 1048576K
Event: 8.322 GC heap after
Heap after GC invocations=8 (full 2):
 PSYoungGen      total 285184K, used 13446K [0x000000076ab00000, 0x000000077db80000, 0x00000007c0000000)
  eden space 269312K, 0% used [0x000000076ab00000,0x000000076ab00000,0x000000077b200000)
  from space 15872K, 84% used [0x000000077c280000,0x000000077cfa1b68,0x000000077d200000)
  to   space 16896K, 0% used [0x000000077b200000,0x000000077b200000,0x000000077c280000)
 ParOldGen       total 212992K, used 14597K [0x00000006c0000000, 0x00000006cd000000, 0x000000076ab00000)
  object space 212992K, 6% used [0x00000006c0000000,0x00000006c0e417c0,0x00000006cd000000)
 Metaspace       used 45311K, capacity 46738K, committed 47016K, reserved 1089536K
  class space    used 5906K, capacity 6218K, committed 6320K, reserved 1048576K
}
Event: 10.006 GC heap before
{Heap before GC invocations=9 (full 2):
 PSYoungGen      total 285184K, used 282758K [0x000000076ab00000, 0x000000077db80000, 0x00000007c0000000)
  eden space 269312K, 100% used [0x000000076ab00000,0x000000077b200000,0x000000077b200000)
  from space 15872K, 84% used [0x000000077c280000,0x000000077cfa1b68,0x000000077d200000)
  to   space 16896K, 0% used [0x000000077b200000,0x000000077b200000,0x000000077c280000)
 ParOldGen       total 212992K, used 14597K [0x00000006c0000000, 0x00000006cd000000, 0x000000076ab00000)
  object space 212992K, 6% used [0x00000006c0000000,0x00000006c0e417c0,0x00000006cd000000)
 Metaspace       used 45334K, capacity 46802K, committed 47016K, reserved 1089536K
  class space    used 5907K, capacity 6218K, committed 6320K, reserved 1048576K
Event: 10.012 GC heap after
Heap after GC invocations=9 (full 2):
 PSYoungGen      total 286208K, used 7775K [0x000000076ab00000, 0x000000077db80000, 0x00000007c0000000)
  eden space 269312K, 0% used [0x000000076ab00000,0x000000076ab00000,0x000000077b200000)
  from space 16896K, 46% used [0x000000077b200000,0x000000077b997fd8,0x000000077c280000)
  to   space 15872K, 0% used [0x000000077c280000,0x000000077c280000,0x000000077d200000)
 ParOldGen       total 212992K, used 14605K [0x00000006c0000000, 0x00000006cd000000, 0x000000076ab00000)
  object space 212992K, 6% used [0x00000006c0000000,0x00000006c0e437c0,0x00000006cd000000)
 Metaspace       used 45334K, capacity 46802K, committed 47016K, reserved 1089536K
  class space    used 5907K, capacity 6218K, committed 6320K, reserved 1048576K
}
Event: 11.704 GC heap before
{Heap before GC invocations=10 (full 2):
 PSYoungGen      total 286208K, used 277087K [0x000000076ab00000, 0x000000077db80000, 0x00000007c0000000)
  eden space 269312K, 100% used [0x000000076ab00000,0x000000077b200000,0x000000077b200000)
  from space 16896K, 46% used [0x000000077b200000,0x000000077b997fd8,0x000000077c280000)
  to   space 15872K, 0% used [0x000000077c280000,0x000000077c280000,0x000000077d200000)
 ParOldGen       total 212992K, used 14605K [0x00000006c0000000, 0x00000006cd000000, 0x000000076ab00000)
  object space 212992K, 6% used [0x00000006c0000000,0x00000006c0e437c0,0x00000006cd000000)
 Metaspace       used 45721K, capacity 47210K, committed 47272K, reserved 1089536K
  class space    used 5943K, capacity 6290K, committed 6320K, reserved 1048576K
Event: 11.709 GC heap after
Heap after GC invocations=10 (full 2):
 PSYoungGen      total 285184K, used 8604K [0x000000076ab00000, 0x000000077db80000, 0x00000007c0000000)
  eden space 269312K, 0% used [0x000000076ab00000,0x000000076ab00000,0x000000077b200000)
  from space 15872K, 54% used [0x000000077c280000,0x000000077cae7040,0x000000077d200000)
  to   space 16896K, 0% used [0x000000077b200000,0x000000077b200000,0x000000077c280000)
 ParOldGen       total 212992K, used 14613K [0x00000006c0000000, 0x00000006cd000000, 0x000000076ab00000)
  object space 212992K, 6% used [0x00000006c0000000,0x00000006c0e457c0,0x00000006cd000000)
 Metaspace       used 45721K, capacity 47210K, committed 47272K, reserved 1089536K
  class space    used 5943K, capacity 6290K, committed 6320K, reserved 1048576K
}
Event: 13.037 GC heap before
{Heap before GC invocations=11 (full 2):
 PSYoungGen      total 285184K, used 169279K [0x000000076ab00000, 0x000000077db80000, 0x00000007c0000000)
  eden space 269312K, 59% used [0x000000076ab00000,0x00000007747e8c50,0x000000077b200000)
  from space 15872K, 54% used [0x000000077c280000,0x000000077cae7040,0x000000077d200000)
  to   space 16896K, 0% used [0x000000077b200000,0x000000077b200000,0x000000077c280000)
 ParOldGen       total 212992K, used 14613K [0x00000006c0000000, 0x00000006cd000000, 0x000000076ab00000)
  object space 212992K, 6% used [0x00000006c0000000,0x00000006c0e457c0,0x00000006cd000000)
 Metaspace       used 57260K, capacity 59064K, committed 59160K, reserved 1099776K
  class space    used 7424K, capacity 7876K, committed 7968K, reserved 1048576K
Event: 13.061 GC heap after
Heap after GC invocations=11 (full 2):
 PSYoungGen      total 286208K, used 16892K [0x000000076ab00000, 0x000000077db80000, 0x00000007c0000000)
  eden space 269312K, 0% used [0x000000076ab00000,0x000000076ab00000,0x000000077b200000)
  from space 16896K, 99% used [0x000000077b200000,0x000000077c27f2c8,0x000000077c280000)
  to   space 15872K, 0% used [0x000000077c280000,0x000000077c280000,0x000000077d200000)
 ParOldGen       total 212992K, used 24213K [0x00000006c0000000, 0x00000006cd000000, 0x000000076ab00000)
  object space 212992K, 11% used [0x00000006c0000000,0x00000006c17a5698,0x00000006cd000000)
 Metaspace       used 57260K, capacity 59064K, committed 59160K, reserved 1099776K
  class space    used 7424K, capacity 7876K, committed 7968K, reserved 1048576K
}
Event: 13.061 GC heap before
{Heap before GC invocations=12 (full 3):
 PSYoungGen      total 286208K, used 16892K [0x000000076ab00000, 0x000000077db80000, 0x00000007c0000000)
  eden space 269312K, 0% used [0x000000076ab00000,0x000000076ab00000,0x000000077b200000)
  from space 16896K, 99% used [0x000000077b200000,0x000000077c27f2c8,0x000000077c280000)
  to   space 15872K, 0% used [0x000000077c280000,0x000000077c280000,0x000000077d200000)
 ParOldGen       total 212992K, used 24213K [0x00000006c0000000, 0x00000006cd000000, 0x000000076ab00000)
  object space 212992K, 11% used [0x00000006c0000000,0x00000006c17a5698,0x00000006cd000000)
 Metaspace       used 57260K, capacity 59064K, committed 59160K, reserved 1099776K
  class space    used 7424K, capacity 7876K, committed 7968K, reserved 1048576K
Event: 13.252 GC heap after
Heap after GC invocations=12 (full 3):
 PSYoungGen      total 286208K, used 0K [0x000000076ab00000, 0x000000077db80000, 0x00000007c0000000)
  eden space 269312K, 0% used [0x000000076ab00000,0x000000076ab00000,0x000000077b200000)
  from space 16896K, 0% used [0x000000077b200000,0x000000077b200000,0x000000077c280000)
  to   space 15872K, 0% used [0x000000077c280000,0x000000077c280000,0x000000077d200000)
 ParOldGen       total 212992K, used 39249K [0x00000006c0000000, 0x00000006cd000000, 0x000000076ab00000)
  object space 212992K, 18% used [0x00000006c0000000,0x00000006c2654480,0x00000006cd000000)
 Metaspace       used 57162K, capacity 58840K, committed 59160K, reserved 1099776K
  class space    used 7396K, capacity 7814K, committed 7968K, reserved 1048576K
}

